2024-08-12 18:06:08,270 - INFO - Starting the browser...
2024-08-12 18:06:11,684 - INFO - Navigating to Google...
2024-08-12 18:06:15,573 - INFO - Waiting for the search box to be available...
2024-08-12 18:06:15,929 - INFO - Performing search for 'keyboard'...
2024-08-12 18:06:16,270 - INFO - Waiting for search results...
2024-08-12 18:06:16,930 - INFO - Extracting search results...
2024-08-12 18:06:17,973 - INFO - Printing results to console:
2024-08-12 18:06:17,977 - INFO - Writing results to file: search_results.txt
2024-08-12 18:06:17,979 - INFO - Results successfully written to file.
2024-08-12 18:06:17,982 - INFO - Closing the page...
2024-08-12 18:06:18,259 - INFO - Test completed.
2024-08-12 18:06:19,164 - INFO - Browser closed.
2024-08-12 18:23:55,112 - INFO - Starting the browser...
2024-08-12 18:23:57,154 - INFO - Navigating to Google...
2024-08-12 18:23:59,385 - INFO - Waiting for the search box to be available...
2024-08-12 18:23:59,472 - INFO - Performing search for 'keyboard'...
2024-08-12 18:23:59,720 - INFO - Waiting for search results...
2024-08-12 18:24:00,352 - INFO - Extracting search results...
2024-08-12 18:24:00,796 - INFO - Printing results to console:
2024-08-12 18:24:00,800 - INFO - Writing results to file: search_results.txt
2024-08-12 18:24:00,802 - INFO - Results successfully written to file.
2024-08-12 18:24:00,802 - INFO - Closing the page...
2024-08-12 18:24:00,961 - INFO - Test completed.
2024-08-12 18:24:01,851 - INFO - Browser closed.
2024-08-12 19:10:51,893 - INFO - Starting the browser...
2024-08-12 19:10:54,913 - INFO - Navigating to Google...
2024-08-12 19:10:59,135 - INFO - Waiting for the search box to be available...
2024-08-12 19:10:59,523 - INFO - Performing search for 'keyboard'...
2024-08-12 19:10:59,833 - INFO - Waiting for search results...
2024-08-12 19:11:37,520 - INFO - Browser closed.
2024-08-12 19:12:09,428 - INFO - Starting the browser...
2024-08-12 19:12:11,856 - INFO - Navigating to Google...
2024-08-12 19:12:14,756 - INFO - Waiting for the search box to be available...
2024-08-12 19:12:14,861 - INFO - Performing search for 'keyboard'...
2024-08-12 19:12:15,192 - INFO - Waiting for search results...
2024-08-12 19:12:15,719 - INFO - Extracting search results...
2024-08-12 19:12:17,055 - INFO - Printing results to console:
2024-08-12 19:12:17,075 - INFO - Writing results to file: search_results.txt
2024-08-12 19:12:17,077 - INFO - Results successfully written to file.
2024-08-12 19:12:17,079 - INFO - Closing the page...
2024-08-12 19:12:17,271 - INFO - Test completed.
2024-08-12 19:12:18,125 - INFO - Browser closed.
